This is pdfTeX, Version 3.1415926-2.3-1.40.12 (MiKTeX 2.9) (preloaded format=pdflatex 2016.6.15)  20 JUN 2016 17:18
entering extended mode
**Static*Scheduling*of*a*Time-Triggered*Network-On-Chip*based*on*Memetic*Algori
thm.tex

("D:\github\TTNOC\Static Scheduling of a Time-Triggered Network-On-Chip based o
n Memetic Algorithm.tex"
LaTeX2e <2011/06/27>
Babel <v3.8m> and hyphenation patterns for loaded.
(D:\study\CTEX\UserData\tex\latex\ieeetran\IEEEtran.cls
Document Class: IEEEtran 2015/08/26 V1.8b by Michael Shell
-- See the "IEEEtran_HOWTO" manual for usage information.
-- http://www.michaelshell.org/tex/ieeetran/
\@IEEEtrantmpdimenA=\dimen102
\@IEEEtrantmpdimenB=\dimen103
\@IEEEtrantmpdimenC=\dimen104
\@IEEEtrantmpcountA=\count79
\@IEEEtrantmpcountB=\count80
\@IEEEtrantmpcountC=\count81
\@IEEEtrantmptoksA=\toks14
LaTeX Font Info:    Try loading font information for OT1+ptm on input line 503.

(D:\study\CTEX\MiKTeX\tex\latex\psnfss\ot1ptm.fd
File: ot1ptm.fd 2001/06/04 font definitions for OT1/ptm.
)
-- Using 8.5in x 11in (letter) paper.
-- Using PDF output.
\@IEEEnormalsizeunitybaselineskip=\dimen105
-- This is a 10 point document.
\CLASSINFOnormalsizebaselineskip=\dimen106
\CLASSINFOnormalsizeunitybaselineskip=\dimen107
\IEEEnormaljot=\dimen108
LaTeX Font Info:    Font shape `OT1/ptm/bx/n' in size <5> not available
(Font)              Font shape `OT1/ptm/b/n' tried instead on input line 1090.
LaTeX Font Info:    Font shape `OT1/ptm/bx/it' in size <5> not available
(Font)              Font shape `OT1/ptm/b/it' tried instead on input line 1090.

LaTeX Font Info:    Font shape `OT1/ptm/bx/n' in size <7> not available
(Font)              Font shape `OT1/ptm/b/n' tried instead on input line 1090.
LaTeX Font Info:    Font shape `OT1/ptm/bx/it' in size <7> not available
(Font)              Font shape `OT1/ptm/b/it' tried instead on input line 1090.

LaTeX Font Info:    Font shape `OT1/ptm/bx/n' in size <8> not available
(Font)              Font shape `OT1/ptm/b/n' tried instead on input line 1090.
LaTeX Font Info:    Font shape `OT1/ptm/bx/it' in size <8> not available
(Font)              Font shape `OT1/ptm/b/it' tried instead on input line 1090.

LaTeX Font Info:    Font shape `OT1/ptm/bx/n' in size <9> not available
(Font)              Font shape `OT1/ptm/b/n' tried instead on input line 1090.
LaTeX Font Info:    Font shape `OT1/ptm/bx/it' in size <9> not available
(Font)              Font shape `OT1/ptm/b/it' tried instead on input line 1090.

LaTeX Font Info:    Font shape `OT1/ptm/bx/n' in size <10> not available
(Font)              Font shape `OT1/ptm/b/n' tried instead on input line 1090.
LaTeX Font Info:    Font shape `OT1/ptm/bx/it' in size <10> not available
(Font)              Font shape `OT1/ptm/b/it' tried instead on input line 1090.

LaTeX Font Info:    Font shape `OT1/ptm/bx/n' in size <11> not available
(Font)              Font shape `OT1/ptm/b/n' tried instead on input line 1090.
LaTeX Font Info:    Font shape `OT1/ptm/bx/it' in size <11> not available
(Font)              Font shape `OT1/ptm/b/it' tried instead on input line 1090.

LaTeX Font Info:    Font shape `OT1/ptm/bx/n' in size <12> not available
(Font)              Font shape `OT1/ptm/b/n' tried instead on input line 1090.
LaTeX Font Info:    Font shape `OT1/ptm/bx/it' in size <12> not available
(Font)              Font shape `OT1/ptm/b/it' tried instead on input line 1090.

LaTeX Font Info:    Font shape `OT1/ptm/bx/n' in size <17> not available
(Font)              Font shape `OT1/ptm/b/n' tried instead on input line 1090.
LaTeX Font Info:    Font shape `OT1/ptm/bx/it' in size <17> not available
(Font)              Font shape `OT1/ptm/b/it' tried instead on input line 1090.

LaTeX Font Info:    Font shape `OT1/ptm/bx/n' in size <20> not available
(Font)              Font shape `OT1/ptm/b/n' tried instead on input line 1090.
LaTeX Font Info:    Font shape `OT1/ptm/bx/it' in size <20> not available
(Font)              Font shape `OT1/ptm/b/it' tried instead on input line 1090.

LaTeX Font Info:    Font shape `OT1/ptm/bx/n' in size <24> not available
(Font)              Font shape `OT1/ptm/b/n' tried instead on input line 1090.
LaTeX Font Info:    Font shape `OT1/ptm/bx/it' in size <24> not available
(Font)              Font shape `OT1/ptm/b/it' tried instead on input line 1090.

\IEEEquantizedlength=\dimen109
\IEEEquantizedlengthdiff=\dimen110
\IEEEquantizedtextheightdiff=\dimen111
\IEEEilabelindentA=\dimen112
\IEEEilabelindentB=\dimen113
\IEEEilabelindent=\dimen114
\IEEEelabelindent=\dimen115
\IEEEdlabelindent=\dimen116
\IEEElabelindent=\dimen117
\IEEEiednormlabelsep=\dimen118
\IEEEiedmathlabelsep=\dimen119
\IEEEiedtopsep=\skip41
\c@section=\count82
\c@subsection=\count83
\c@subsubsection=\count84
\c@paragraph=\count85
\c@IEEEsubequation=\count86
\abovecaptionskip=\skip42
\belowcaptionskip=\skip43
\c@figure=\count87
\c@table=\count88
\@IEEEeqnnumcols=\count89
\@IEEEeqncolcnt=\count90
\@IEEEsubeqnnumrollback=\count91
\@IEEEquantizeheightA=\dimen120
\@IEEEquantizeheightB=\dimen121
\@IEEEquantizeheightC=\dimen122
\@IEEEquantizeprevdepth=\dimen123
\@IEEEquantizemultiple=\count92
\@IEEEquantizeboxA=\box26
\@IEEEtmpitemindent=\dimen124
\IEEEPARstartletwidth=\dimen125
\c@IEEEbiography=\count93
\@IEEEtranrubishbin=\box27
) (D:\study\CTEX\UserData\tex\latex\algorithms\algorithm.sty
Package: algorithm 2009/08/24 v0.1 Document Style `algorithm' - floating enviro
nment

(D:\study\CTEX\MiKTeX\tex\latex\float\float.sty
Package: float 2001/11/08 v1.3d Float enhancements (AL)
\c@float@type=\count94
\float@exts=\toks15
\float@box=\box28
\@float@everytoks=\toks16
\@floatcapt=\box29
)
(D:\study\CTEX\MiKTeX\tex\latex\base\ifthen.sty
Package: ifthen 2001/05/26 v1.1c Standard LaTeX ifthen package (DPC)
)
\@float@every@algorithm=\toks17
\c@algorithm=\count95
)
(D:\study\CTEX\UserData\tex\latex\algorithms\algorithmic.sty
Package: algorithmic 2009/08/24 v0.1 Document Style `algorithmic'

(D:\study\CTEX\MiKTeX\tex\latex\graphics\keyval.sty
Package: keyval 1999/03/16 v1.13 key=value parser (DPC)
\KV@toks@=\toks18
)
\c@ALC@unique=\count96
\c@ALC@line=\count97
\c@ALC@rem=\count98
\c@ALC@depth=\count99
\ALC@tlm=\skip44
\algorithmicindent=\skip45
)
(D:\study\CTEX\MiKTeX\tex\latex\graphics\graphicx.sty
Package: graphicx 1999/02/16 v1.0f Enhanced LaTeX Graphics (DPC,SPQR)

(D:\study\CTEX\MiKTeX\tex\latex\graphics\graphics.sty
Package: graphics 2009/02/05 v1.0o Standard LaTeX Graphics (DPC,SPQR)

(D:\study\CTEX\MiKTeX\tex\latex\graphics\trig.sty
Package: trig 1999/03/16 v1.09 sin cos tan (DPC)
)
(D:\study\CTEX\MiKTeX\tex\latex\00miktex\graphics.cfg
File: graphics.cfg 2007/01/18 v1.5 graphics configuration of teTeX/TeXLive
)
Package graphics Info: Driver file: pdftex.def on input line 91.

(D:\study\CTEX\MiKTeX\tex\latex\pdftex-def\pdftex.def
File: pdftex.def 2011/05/27 v0.06d Graphics/color for pdfTeX

(D:\study\CTEX\MiKTeX\tex\generic\oberdiek\infwarerr.sty
Package: infwarerr 2010/04/08 v1.3 Providing info/warning/message (HO)
)
(D:\study\CTEX\MiKTeX\tex\generic\oberdiek\ltxcmds.sty
Package: ltxcmds 2011/04/18 v1.20 LaTeX kernel commands for general use (HO)
)
\Gread@gobject=\count100
))
\Gin@req@height=\dimen126
\Gin@req@width=\dimen127
)
(D:\study\CTEX\MiKTeX\tex\latex\ams\math\amsmath.sty
Package: amsmath 2000/07/18 v2.13 AMS math features
\@mathmargin=\skip46

For additional information on amsmath, use the `?' option.
(D:\study\CTEX\MiKTeX\tex\latex\ams\math\amstext.sty
Package: amstext 2000/06/29 v2.01

(D:\study\CTEX\MiKTeX\tex\latex\ams\math\amsgen.sty
File: amsgen.sty 1999/11/30 v2.0
\@emptytoks=\toks19
\ex@=\dimen128
))
(D:\study\CTEX\MiKTeX\tex\latex\ams\math\amsbsy.sty
Package: amsbsy 1999/11/29 v1.2d
\pmbraise@=\dimen129
)
(D:\study\CTEX\MiKTeX\tex\latex\ams\math\amsopn.sty
Package: amsopn 1999/12/14 v2.01 operator names
)
\inf@bad=\count101
LaTeX Info: Redefining \frac on input line 211.
\uproot@=\count102
\leftroot@=\count103
LaTeX Info: Redefining \overline on input line 307.
\classnum@=\count104
\DOTSCASE@=\count105
LaTeX Info: Redefining \ldots on input line 379.
LaTeX Info: Redefining \dots on input line 382.
LaTeX Info: Redefining \cdots on input line 467.
\Mathstrutbox@=\box30
\strutbox@=\box31
\big@size=\dimen130
LaTeX Font Info:    Redeclaring font encoding OML on input line 567.
LaTeX Font Info:    Redeclaring font encoding OMS on input line 568.
\macc@depth=\count106
\c@MaxMatrixCols=\count107
\dotsspace@=\muskip10
\c@parentequation=\count108
\dspbrk@lvl=\count109
\tag@help=\toks20
\row@=\count110
\column@=\count111
\maxfields@=\count112
\andhelp@=\toks21
\eqnshift@=\dimen131
\alignsep@=\dimen132
\tagshift@=\dimen133
\tagwidth@=\dimen134
\totwidth@=\dimen135
\lineht@=\dimen136
\@envbody=\toks22
\multlinegap=\skip47
\multlinetaggap=\skip48
\mathdisplay@stack=\toks23
LaTeX Info: Redefining \[ on input line 2666.
LaTeX Info: Redefining \] on input line 2667.
)
("D:\github\TTNOC\Static Scheduling of a Time-Triggered Network-On-Chip based o
n Memetic Algorithm.aux")
LaTeX Font Info:    Checking defaults for OML/cmm/m/it on input line 311.
LaTeX Font Info:    ... okay on input line 311.
LaTeX Font Info:    Checking defaults for T1/cmr/m/n on input line 311.
LaTeX Font Info:    ... okay on input line 311.
LaTeX Font Info:    Checking defaults for OT1/cmr/m/n on input line 311.
LaTeX Font Info:    ... okay on input line 311.
LaTeX Font Info:    Checking defaults for OMS/cmsy/m/n on input line 311.
LaTeX Font Info:    ... okay on input line 311.
LaTeX Font Info:    Checking defaults for OMX/cmex/m/n on input line 311.
LaTeX Font Info:    ... okay on input line 311.
LaTeX Font Info:    Checking defaults for U/cmr/m/n on input line 311.
LaTeX Font Info:    ... okay on input line 311.

-- Lines per column: 56 (exact).
(D:\study\CTEX\MiKTeX\tex\context\base\supp-pdf.mkii
[Loading MPS to PDF converter (version 2006.09.02).]
\scratchcounter=\count113
\scratchdimen=\dimen137
\scratchbox=\box32
\nofMPsegments=\count114
\nofMParguments=\count115
\everyMPshowfont=\toks24
\MPscratchCnt=\count116
\MPscratchDim=\dimen138
\MPnumerator=\count117
\makeMPintoPDFobject=\count118
\everyMPtoPDFconversion=\toks25
) <picture/difference.pdf, id=1, 1255.69125pt x 860.46469pt>
File: picture/difference.pdf Graphic file (type pdf)

<use picture/difference.pdf>
Package pdftex.def Info: picture/difference.pdf used on input line 397.
(pdftex.def)             Requested size: 180.67499pt x 123.79915pt.
 [1{D:/study/CTEX/UserData/pdftex/config/pdftex.map{Unicode.sfd}{UGBK.sfd}}


 <D:/github/TTNOC/picture/difference.pdf>]
Underfull \hbox (badness 2368) in paragraph at lines 506--507
[]\OT1/ptm/m/n/10 A T-TNoC is a sys-tem with a set of $\OT1/cmr/m/it/10 m$ \OT1
/ptm/m/n/10 real-time
 []


Underfull \hbox (badness 10000) in paragraph at lines 510--511
[]\OT1/ptm/m/n/10 The phys-i-cal links are full-duplex, al-low-ing thus
 []


Underfull \hbox (badness 4353) in paragraph at lines 510--511
\OT1/ptm/m/n/10 com-mu-ni-ca-tion in both di-rec-tion-s. There-fore we have
 []


Underfull \hbox (badness 10000) in paragraph at lines 510--511
$\OMS/cmsy/m/n/10 h\OT1/cmr/m/n/10 (\OML/cmm/m/it/10 v[]; v[]\OT1/cmr/m/n/10 )\
OML/cmm/m/it/10 :w; \OT1/cmr/m/n/10 (\OML/cmm/m/it/10 v[]; v[]\OT1/cmr/m/n/10 )
\OML/cmm/m/it/10 :sd; \OT1/cmr/m/n/10 (\OML/cmm/m/it/10 v[]; v[]\OT1/cmr/m/n/10
 )\OML/cmm/m/it/10 :pd; \OT1/cmr/m/n/10 (\OML/cmm/m/it/10 v[]; v[]\OT1/cmr/m/n/
10 )\OML/cmm/m/it/10 :mt; \OT1/cmr/m/n/10 (\OML/cmm/m/it/10 v[]; v[]\OT1/cmr/m/
n/10 )\OML/cmm/m/it/10 :h\OMS/cmsy/m/n/10 i$\OT1/ptm/m/n/10 ,
 []

[2]
Overfull \hbox (6.7292pt too wide) detected at line 574
\OML/cmm/m/it/10 overlap\OT1/cmr/m/n/10 ((\OML/cmm/m/it/10 m[]; \OT1/cmr/m/n/10
 (\OML/cmm/m/it/10 m[]\OT1/cmr/m/n/10 ) = []
 []

LaTeX Font Info:    Try loading font information for OMS+ptm on input line 622.

(D:\study\CTEX\MiKTeX\tex\latex\psnfss\omsptm.fd
File: omsptm.fd 
)
LaTeX Font Info:    Font shape `OMS/ptm/m/n' in size <10> not available
(Font)              Font shape `OMS/cmsy/m/n' tried instead on input line 622.

Underfull \hbox (badness 2529) in paragraph at lines 626--627
[]\OT1/ptm/m/n/10 (4) the set of tt-messages $\OT1/cmr/m/n/10   = \OMS/cmsy/m/n
/10 f\OML/cmm/m/it/10 []; [] ; []\OMS/cmsy/m/n/10 g$ \OT1/ptm/m/n/10 with
 []

<picture/scheduling_example.pdf, id=62, 844.65562pt x 596.98032pt>
File: picture/scheduling_example.pdf Graphic file (type pdf)

<use picture/scheduling_example.pdf>
Package pdftex.def Info: picture/scheduling_example.pdf used on input line 653.

(pdftex.def)             Requested size: 180.67499pt x 127.6924pt.

Overfull \hbox (0.7137pt too wide) in paragraph at lines 666--681
 [][] 
 []

[3] <picture/2individual.pdf, id=67, 1271.5003pt x 487.06969pt>
File: picture/2individual.pdf Graphic file (type pdf)

<use picture/2individual.pdf>
Package pdftex.def Info: picture/2individual.pdf used on input line 695.
(pdftex.def)             Requested size: 252.94499pt x 96.89195pt.

Overfull \hbox (0.94499pt too wide) in paragraph at lines 695--696
 [][] 
 []

[4 <D:/github/TTNOC/picture/scheduling_example.pdf> <D:/github/TTNOC/picture/2i
ndividual.pdf>]
<picture/individual_transformation.pdf, id=113, 1014.79124pt x 434.37282pt>
File: picture/individual_transformation.pdf Graphic file (type pdf)

<use picture/individual_transformation.pdf>
Package pdftex.def Info: picture/individual_transformation.pdf used on input li
ne 775.
(pdftex.def)             Requested size: 252.94499pt x 108.26816pt.

Overfull \hbox (0.94499pt too wide) in paragraph at lines 775--776
 [][] 
 []

[5 <D:/github/TTNOC/picture/individual_transformation.pdf>]
<picture/crossover.pdf, id=130, 1020.06094pt x 496.10344pt>
File: picture/crossover.pdf Graphic file (type pdf)

<use picture/crossover.pdf>
Package pdftex.def Info: picture/crossover.pdf used on input line 872.
(pdftex.def)             Requested size: 252.94499pt x 123.01875pt.

Overfull \hbox (0.94499pt too wide) in paragraph at lines 872--873
 [][] 
 []

<picture/mutation.pdf, id=131, 891.33pt x 324.46219pt>
File: picture/mutation.pdf Graphic file (type pdf)

<use picture/mutation.pdf>
Package pdftex.def Info: picture/mutation.pdf used on input line 880.
(pdftex.def)             Requested size: 252.94499pt x 92.0766pt.

Overfull \hbox (0.94499pt too wide) in paragraph at lines 880--881
 [][] 
 []

<picture/local.pdf, id=132, 917.67844pt x 682.04813pt>
File: picture/local.pdf Graphic file (type pdf)
 <use picture/local.pdf>
Package pdftex.def Info: picture/local.pdf used on input line 892.
(pdftex.def)             Requested size: 252.94499pt x 187.99571pt.

Overfull \hbox (0.94499pt too wide) in paragraph at lines 892--893
 [][] 
 []

[6 <D:/github/TTNOC/picture/crossover.pdf> <D:/github/TTNOC/picture/mutation.pd
f> <D:/github/TTNOC/picture/local.pdf>]
<picture/rate.pdf, id=188, 296.60812pt x 447.17062pt>
File: picture/rate.pdf Graphic file (type pdf)
 <use picture/rate.pdf>
Package pdftex.def Info: picture/rate.pdf used on input line 915.
(pdftex.def)             Requested size: 252.94499pt x 381.35912pt.

Overfull \hbox (0.94499pt too wide) in paragraph at lines 915--916
 [][] 
 []

<picture/feasible.pdf, id=189, 368.1253pt x 148.30406pt>
File: picture/feasible.pdf Graphic file (type pdf)

<use picture/feasible.pdf>
Package pdftex.def Info: picture/feasible.pdf used on input line 925.
(pdftex.def)             Requested size: 252.94499pt x 101.90446pt.

Overfull \hbox (0.94499pt too wide) in paragraph at lines 925--926
 [][] 
 []

[7 <D:/github/TTNOC/picture/rate.pdf> <D:/github/TTNOC/picture/feasible.pdf>]

** Conference Paper **
Before submitting the final camera ready copy, remember to:

 1. Manually equalize the lengths of two columns on the last page
 of your paper;

 2. Ensure that any PostScript and/or PDF output post-processing
 uses only Type 1 fonts and that every step in the generation
 process uses the appropriate paper size.

[8

]
("D:\github\TTNOC\Static Scheduling of a Time-Triggered Network-On-Chip based o
n Memetic Algorithm.aux") ) 
Here is how much of TeX's memory you used:
 2923 strings out of 495354
 43804 string characters out of 3183523
 115190 words of memory out of 3000000
 6069 multiletter control sequences out of 15000+200000
 43130 words of font info for 83 fonts, out of 3000000 for 9000
 17 hyphenation exceptions out of 8191
 27i,10n,20p,1120b,531s stack positions out of 5000i,500n,10000p,200000b,50000s
{D:/study/CTEX/MiKTeX/fonts/enc/dvips/fontname/8r.en
c}<D:/study/CTEX/MiKTeX/fonts/type1/public/amsfonts/cm/cmex10.pfb><D:/study/CTE
X/MiKTeX/fonts/type1/public/amsfonts/cm/cmmi10.pfb><D:/study/CTEX/MiKTeX/fonts/
type1/public/amsfonts/cm/cmmi5.pfb><D:/study/CTEX/MiKTeX/fonts/type1/public/ams
fonts/cm/cmmi7.pfb><D:/study/CTEX/MiKTeX/fonts/type1/public/amsfonts/cm/cmmi8.p
fb><D:/study/CTEX/MiKTeX/fonts/type1/public/amsfonts/cm/cmr10.pfb><D:/study/CTE
X/MiKTeX/fonts/type1/public/amsfonts/cm/cmr6.pfb><D:/study/CTEX/MiKTeX/fonts/ty
pe1/public/amsfonts/cm/cmr7.pfb><D:/study/CTEX/MiKTeX/fonts/type1/public/amsfon
ts/cm/cmr8.pfb><D:/study/CTEX/MiKTeX/fonts/type1/public/amsfonts/cm/cmsy10.pfb>
<D:/study/CTEX/MiKTeX/fonts/type1/public/amsfonts/cm/cmsy8.pfb><D:/study/CTEX/M
iKTeX/fonts/type1/public/amsfonts/cm/cmti10.pfb><D:/study/CTEX/MiKTeX/fonts/typ
e1/urw/times/utmb8a.pfb><D:/study/CTEX/MiKTeX/fonts/type1/urw/times/utmbi8a.pfb
><D:/study/CTEX/MiKTeX/fonts/type1/urw/times/utmr8a.pfb><D:/study/CTEX/MiKTeX/f
onts/type1/urw/times/utmri8a.pfb>
Output written on "Static Scheduling of a Time-Triggered Network-On-Chip based 
on Memetic Algorithm.pdf" (8 pages, 1300544 bytes).
PDF statistics:
 274 PDF objects out of 1000 (max. 8388607)
 0 named destinations out of 1000 (max. 500000)
 46 words of extra memory for PDF output out of 10000 (max. 10000000)

